{"C:\\Users\\Administrator\\Documents\\Temple\\Software Development\\Lab4\\api\\lab-4-api\\server.js": {"path":"C:\\Users\\Administrator\\Documents\\Temple\\Software Development\\Lab4\\api\\lab-4-api\\server.js","statementMap":{"0":{"start":{"line":1,"column":16},"end":{"line":1,"column":34}},"1":{"start":{"line":2,"column":15},"end":{"line":2,"column":32}},"2":{"start":{"line":3,"column":13},"end":{"line":3,"column":37}},"3":{"start":{"line":5,"column":23},"end":{"line":5,"column":51}},"4":{"start":{"line":7,"column":0},"end":{"line":7,"column":16}},"5":{"start":{"line":9,"column":12},"end":{"line":9,"column":21}},"6":{"start":{"line":11,"column":0},"end":{"line":11,"column":24}},"7":{"start":{"line":14,"column":0},"end":{"line":16,"column":3}},"8":{"start":{"line":15,"column":4},"end":{"line":15,"column":47}},"9":{"start":{"line":18,"column":0},"end":{"line":18,"column":41}},"10":{"start":{"line":20,"column":0},"end":{"line":22,"column":3}},"11":{"start":{"line":21,"column":4},"end":{"line":21,"column":65}},"12":{"start":{"line":24,"column":0},"end":{"line":24,"column":21}}},"fnMap":{"0":{"name":"(anonymous_0)","decl":{"start":{"line":14,"column":16},"end":{"line":14,"column":17}},"loc":{"start":{"line":14,"column":30},"end":{"line":16,"column":1}},"line":14},"1":{"name":"(anonymous_1)","decl":{"start":{"line":20,"column":17},"end":{"line":20,"column":18}},"loc":{"start":{"line":20,"column":23},"end":{"line":22,"column":1}},"line":20}},"branchMap":{"0":{"loc":{"start":{"line":3,"column":13},"end":{"line":3,"column":37}},"type":"binary-expr","locations":[{"start":{"line":3,"column":13},"end":{"line":3,"column":29}},{"start":{"line":3,"column":33},"end":{"line":3,"column":37}}],"line":3}},"s":{"0":1,"1":1,"2":1,"3":1,"4":1,"5":1,"6":1,"7":1,"8":0,"9":1,"10":1,"11":1,"12":1},"f":{"0":0,"1":1},"b":{"0":[1,1]},"_coverageSchema":"1a1c01bbd47fc00a2c39e90264f33305004495a9","hash":"b627d0dbacd42846ead09a4660e4097358f1ef6f"}
,"C:\\Users\\Administrator\\Documents\\Temple\\Software Development\\Lab4\\api\\lab-4-api\\routes\\syllabus.js": {"path":"C:\\Users\\Administrator\\Documents\\Temple\\Software Development\\Lab4\\api\\lab-4-api\\routes\\syllabus.js","statementMap":{"0":{"start":{"line":1,"column":16},"end":{"line":1,"column":34}},"1":{"start":{"line":2,"column":14},"end":{"line":2,"column":30}},"2":{"start":{"line":5,"column":15},"end":{"line":5,"column":31}},"3":{"start":{"line":7,"column":0},"end":{"line":32,"column":3}},"4":{"start":{"line":8,"column":4},"end":{"line":31,"column":5}},"5":{"start":{"line":9,"column":25},"end":{"line":15,"column":10}},"6":{"start":{"line":17,"column":32},"end":{"line":24,"column":11}},"7":{"start":{"line":17,"column":67},"end":{"line":24,"column":9}},"8":{"start":{"line":26,"column":8},"end":{"line":26,"column":46}},"9":{"start":{"line":29,"column":8},"end":{"line":29,"column":62}},"10":{"start":{"line":30,"column":8},"end":{"line":30,"column":83}},"11":{"start":{"line":35,"column":17},"end":{"line":35,"column":37}},"12":{"start":{"line":36,"column":18},"end":{"line":36,"column":52}},"13":{"start":{"line":37,"column":17},"end":{"line":37,"column":98}},"14":{"start":{"line":38,"column":4},"end":{"line":38,"column":60}},"15":{"start":{"line":41,"column":0},"end":{"line":41,"column":24}}},"fnMap":{"0":{"name":"(anonymous_0)","decl":{"start":{"line":7,"column":16},"end":{"line":7,"column":17}},"loc":{"start":{"line":7,"column":36},"end":{"line":32,"column":1}},"line":7},"1":{"name":"(anonymous_1)","decl":{"start":{"line":17,"column":57},"end":{"line":17,"column":58}},"loc":{"start":{"line":17,"column":67},"end":{"line":24,"column":9}},"line":17},"2":{"name":"getWeekNumber","decl":{"start":{"line":34,"column":9},"end":{"line":34,"column":22}},"loc":{"start":{"line":34,"column":35},"end":{"line":39,"column":1}},"line":34}},"branchMap":{},"s":{"0":1,"1":1,"2":1,"3":1,"4":1,"5":1,"6":1,"7":25,"8":1,"9":0,"10":0,"11":25,"12":25,"13":25,"14":25,"15":1},"f":{"0":1,"1":25,"2":25},"b":{},"_coverageSchema":"1a1c01bbd47fc00a2c39e90264f33305004495a9","hash":"d1be33962f2b70730808c7ad7e02300ef7a775d8"}
}
