TN:
SF:server.js
FN:14,(anonymous_0)
FN:20,(anonymous_1)
FNF:2
FNH:1
FNDA:0,(anonymous_0)
FNDA:1,(anonymous_1)
DA:1,1
DA:2,1
DA:3,1
DA:5,1
DA:7,1
DA:9,1
DA:11,1
DA:14,1
DA:15,0
DA:18,1
DA:20,1
DA:21,1
DA:24,1
LF:13
LH:12
BRDA:3,0,0,1
BRDA:3,0,1,1
BRF:2
BRH:2
end_of_record
TN:
SF:routes\syllabus.js
FN:7,(anonymous_0)
FN:17,(anonymous_1)
FN:34,getWeekNumber
FNF:3
FNH:3
FNDA:1,(anonymous_0)
FNDA:25,(anonymous_1)
FNDA:25,getWeekNumber
DA:1,1
DA:2,1
DA:5,1
DA:7,1
DA:8,1
DA:9,1
DA:17,25
DA:26,1
DA:29,0
DA:30,0
DA:35,25
DA:36,25
DA:37,25
DA:38,25
DA:41,1
LF:15
LH:13
BRF:0
BRH:0
end_of_record
